2025-07-04 15:35:04,679:::DEBUG:::registerExtensions:::Successfully loaded extension "markdown.extensions.fenced_code.FencedCodeExtension".
2025-07-04 15:35:04,681:::DEBUG:::registerExtensions:::Successfully loaded extension "markdown.extensions.footnotes.FootnoteExtension".
2025-07-04 15:35:04,682:::DEBUG:::registerExtensions:::Successfully loaded extension "markdown.extensions.md_in_html.MarkdownInHtmlExtension".
2025-07-04 15:35:04,684:::DEBUG:::registerExtensions:::Successfully loaded extension "markdown.extensions.tables.TableExtension".
2025-07-04 15:35:04,684:::DEBUG:::registerExtensions:::Successfully loaded extension "markdown.extensions.nl2br.Nl2BrExtension".
2025-07-04 15:35:04,685:::DEBUG:::registerExtensions:::Successfully loaded extension "markdown.extensions.sane_lists.SaneListExtension".
2025-07-04 15:42:22,577:::DEBUG:::registerExtensions:::Successfully loaded extension "markdown.extensions.fenced_code.FencedCodeExtension".
2025-07-04 15:42:22,579:::DEBUG:::registerExtensions:::Successfully loaded extension "markdown.extensions.footnotes.FootnoteExtension".
2025-07-04 15:42:22,581:::DEBUG:::registerExtensions:::Successfully loaded extension "markdown.extensions.md_in_html.MarkdownInHtmlExtension".
2025-07-04 15:42:22,582:::DEBUG:::registerExtensions:::Successfully loaded extension "markdown.extensions.tables.TableExtension".
2025-07-04 15:42:22,583:::DEBUG:::registerExtensions:::Successfully loaded extension "markdown.extensions.nl2br.Nl2BrExtension".
2025-07-04 15:42:22,584:::DEBUG:::registerExtensions:::Successfully loaded extension "markdown.extensions.sane_lists.SaneListExtension".
2025-07-04 15:43:18,694:::DEBUG:::registerExtensions:::Successfully loaded extension "markdown.extensions.fenced_code.FencedCodeExtension".
2025-07-04 15:43:18,696:::DEBUG:::registerExtensions:::Successfully loaded extension "markdown.extensions.footnotes.FootnoteExtension".
2025-07-04 15:43:18,697:::DEBUG:::registerExtensions:::Successfully loaded extension "markdown.extensions.md_in_html.MarkdownInHtmlExtension".
2025-07-04 15:43:18,698:::DEBUG:::registerExtensions:::Successfully loaded extension "markdown.extensions.tables.TableExtension".
2025-07-04 15:43:18,698:::DEBUG:::registerExtensions:::Successfully loaded extension "markdown.extensions.nl2br.Nl2BrExtension".
2025-07-04 15:43:18,699:::DEBUG:::registerExtensions:::Successfully loaded extension "markdown.extensions.sane_lists.SaneListExtension".
2025-07-04 15:44:51,622:::DEBUG:::registerExtensions:::Successfully loaded extension "markdown.extensions.fenced_code.FencedCodeExtension".
2025-07-04 15:44:51,624:::DEBUG:::registerExtensions:::Successfully loaded extension "markdown.extensions.footnotes.FootnoteExtension".
2025-07-04 15:44:51,624:::DEBUG:::registerExtensions:::Successfully loaded extension "markdown.extensions.md_in_html.MarkdownInHtmlExtension".
2025-07-04 15:44:51,625:::DEBUG:::registerExtensions:::Successfully loaded extension "markdown.extensions.tables.TableExtension".
2025-07-04 15:44:51,625:::DEBUG:::registerExtensions:::Successfully loaded extension "markdown.extensions.nl2br.Nl2BrExtension".
2025-07-04 15:44:51,626:::DEBUG:::registerExtensions:::Successfully loaded extension "markdown.extensions.sane_lists.SaneListExtension".
2025-07-04 16:01:19,260:::DEBUG:::registerExtensions:::Successfully loaded extension "markdown.extensions.fenced_code.FencedCodeExtension".
2025-07-04 16:01:19,262:::DEBUG:::registerExtensions:::Successfully loaded extension "markdown.extensions.footnotes.FootnoteExtension".
2025-07-04 16:01:19,263:::DEBUG:::registerExtensions:::Successfully loaded extension "markdown.extensions.md_in_html.MarkdownInHtmlExtension".
2025-07-04 16:01:19,264:::DEBUG:::registerExtensions:::Successfully loaded extension "markdown.extensions.tables.TableExtension".
2025-07-04 16:01:19,265:::DEBUG:::registerExtensions:::Successfully loaded extension "markdown.extensions.nl2br.Nl2BrExtension".
2025-07-04 16:01:19,266:::DEBUG:::registerExtensions:::Successfully loaded extension "markdown.extensions.sane_lists.SaneListExtension".
2025-07-04 16:06:14,875:::DEBUG:::registerExtensions:::Successfully loaded extension "markdown.extensions.fenced_code.FencedCodeExtension".
2025-07-04 16:06:14,878:::DEBUG:::registerExtensions:::Successfully loaded extension "markdown.extensions.footnotes.FootnoteExtension".
2025-07-04 16:06:14,879:::DEBUG:::registerExtensions:::Successfully loaded extension "markdown.extensions.md_in_html.MarkdownInHtmlExtension".
2025-07-04 16:06:14,881:::DEBUG:::registerExtensions:::Successfully loaded extension "markdown.extensions.tables.TableExtension".
2025-07-04 16:06:14,882:::DEBUG:::registerExtensions:::Successfully loaded extension "markdown.extensions.nl2br.Nl2BrExtension".
2025-07-04 16:06:14,884:::DEBUG:::registerExtensions:::Successfully loaded extension "markdown.extensions.sane_lists.SaneListExtension".
2025-07-04 16:07:04,883:::DEBUG:::registerExtensions:::Successfully loaded extension "markdown.extensions.fenced_code.FencedCodeExtension".
2025-07-04 16:07:04,884:::DEBUG:::registerExtensions:::Successfully loaded extension "markdown.extensions.footnotes.FootnoteExtension".
2025-07-04 16:07:04,884:::DEBUG:::registerExtensions:::Successfully loaded extension "markdown.extensions.md_in_html.MarkdownInHtmlExtension".
2025-07-04 16:07:04,884:::DEBUG:::registerExtensions:::Successfully loaded extension "markdown.extensions.tables.TableExtension".
2025-07-04 16:07:04,885:::DEBUG:::registerExtensions:::Successfully loaded extension "markdown.extensions.nl2br.Nl2BrExtension".
2025-07-04 16:07:04,885:::DEBUG:::registerExtensions:::Successfully loaded extension "markdown.extensions.sane_lists.SaneListExtension".
2025-07-04 16:11:53,091:::DEBUG:::registerExtensions:::Successfully loaded extension "markdown.extensions.fenced_code.FencedCodeExtension".
2025-07-04 16:11:53,092:::DEBUG:::registerExtensions:::Successfully loaded extension "markdown.extensions.footnotes.FootnoteExtension".
2025-07-04 16:11:53,094:::DEBUG:::registerExtensions:::Successfully loaded extension "markdown.extensions.md_in_html.MarkdownInHtmlExtension".
2025-07-04 16:11:53,095:::DEBUG:::registerExtensions:::Successfully loaded extension "markdown.extensions.tables.TableExtension".
2025-07-04 16:11:53,097:::DEBUG:::registerExtensions:::Successfully loaded extension "markdown.extensions.nl2br.Nl2BrExtension".
2025-07-04 16:11:53,098:::DEBUG:::registerExtensions:::Successfully loaded extension "markdown.extensions.sane_lists.SaneListExtension".
2025-07-04 16:12:00,182:::DEBUG:::registerExtensions:::Successfully loaded extension "markdown.extensions.fenced_code.FencedCodeExtension".
2025-07-04 16:12:00,183:::DEBUG:::registerExtensions:::Successfully loaded extension "markdown.extensions.footnotes.FootnoteExtension".
2025-07-04 16:12:00,183:::DEBUG:::registerExtensions:::Successfully loaded extension "markdown.extensions.md_in_html.MarkdownInHtmlExtension".
2025-07-04 16:12:00,184:::DEBUG:::registerExtensions:::Successfully loaded extension "markdown.extensions.tables.TableExtension".
2025-07-04 16:12:00,184:::DEBUG:::registerExtensions:::Successfully loaded extension "markdown.extensions.nl2br.Nl2BrExtension".
2025-07-04 16:12:00,184:::DEBUG:::registerExtensions:::Successfully loaded extension "markdown.extensions.sane_lists.SaneListExtension".
2025-07-04 16:13:09,316:::DEBUG:::registerExtensions:::Successfully loaded extension "markdown.extensions.fenced_code.FencedCodeExtension".
2025-07-04 16:13:09,316:::DEBUG:::registerExtensions:::Successfully loaded extension "markdown.extensions.footnotes.FootnoteExtension".
2025-07-04 16:13:09,317:::DEBUG:::registerExtensions:::Successfully loaded extension "markdown.extensions.md_in_html.MarkdownInHtmlExtension".
2025-07-04 16:13:09,317:::DEBUG:::registerExtensions:::Successfully loaded extension "markdown.extensions.tables.TableExtension".
2025-07-04 16:13:09,317:::DEBUG:::registerExtensions:::Successfully loaded extension "markdown.extensions.nl2br.Nl2BrExtension".
2025-07-04 16:13:09,317:::DEBUG:::registerExtensions:::Successfully loaded extension "markdown.extensions.sane_lists.SaneListExtension".
2025-07-04 16:17:24,514:::DEBUG:::registerExtensions:::Successfully loaded extension "markdown.extensions.fenced_code.FencedCodeExtension".
2025-07-04 16:17:24,515:::DEBUG:::registerExtensions:::Successfully loaded extension "markdown.extensions.footnotes.FootnoteExtension".
2025-07-04 16:17:24,515:::DEBUG:::registerExtensions:::Successfully loaded extension "markdown.extensions.md_in_html.MarkdownInHtmlExtension".
2025-07-04 16:17:24,515:::DEBUG:::registerExtensions:::Successfully loaded extension "markdown.extensions.tables.TableExtension".
2025-07-04 16:17:24,516:::DEBUG:::registerExtensions:::Successfully loaded extension "markdown.extensions.nl2br.Nl2BrExtension".
2025-07-04 16:17:24,516:::DEBUG:::registerExtensions:::Successfully loaded extension "markdown.extensions.sane_lists.SaneListExtension".
2025-07-04 16:19:50,891:::DEBUG:::registerExtensions:::Successfully loaded extension "markdown.extensions.fenced_code.FencedCodeExtension".
2025-07-04 16:19:50,892:::DEBUG:::registerExtensions:::Successfully loaded extension "markdown.extensions.footnotes.FootnoteExtension".
2025-07-04 16:19:50,892:::DEBUG:::registerExtensions:::Successfully loaded extension "markdown.extensions.md_in_html.MarkdownInHtmlExtension".
2025-07-04 16:19:50,893:::DEBUG:::registerExtensions:::Successfully loaded extension "markdown.extensions.tables.TableExtension".
2025-07-04 16:19:50,893:::DEBUG:::registerExtensions:::Successfully loaded extension "markdown.extensions.nl2br.Nl2BrExtension".
2025-07-04 16:19:50,893:::DEBUG:::registerExtensions:::Successfully loaded extension "markdown.extensions.sane_lists.SaneListExtension".
2025-07-04 16:21:09,806:::DEBUG:::registerExtensions:::Successfully loaded extension "markdown.extensions.fenced_code.FencedCodeExtension".
2025-07-04 16:21:09,808:::DEBUG:::registerExtensions:::Successfully loaded extension "markdown.extensions.footnotes.FootnoteExtension".
2025-07-04 16:21:09,809:::DEBUG:::registerExtensions:::Successfully loaded extension "markdown.extensions.md_in_html.MarkdownInHtmlExtension".
2025-07-04 16:21:09,810:::DEBUG:::registerExtensions:::Successfully loaded extension "markdown.extensions.tables.TableExtension".
2025-07-04 16:21:09,811:::DEBUG:::registerExtensions:::Successfully loaded extension "markdown.extensions.nl2br.Nl2BrExtension".
2025-07-04 16:21:09,812:::DEBUG:::registerExtensions:::Successfully loaded extension "markdown.extensions.sane_lists.SaneListExtension".
2025-07-04 16:23:31,904:::DEBUG:::registerExtensions:::Successfully loaded extension "markdown.extensions.fenced_code.FencedCodeExtension".
2025-07-04 16:23:31,905:::DEBUG:::registerExtensions:::Successfully loaded extension "markdown.extensions.footnotes.FootnoteExtension".
2025-07-04 16:23:31,905:::DEBUG:::registerExtensions:::Successfully loaded extension "markdown.extensions.md_in_html.MarkdownInHtmlExtension".
2025-07-04 16:23:31,906:::DEBUG:::registerExtensions:::Successfully loaded extension "markdown.extensions.tables.TableExtension".
2025-07-04 16:23:31,906:::DEBUG:::registerExtensions:::Successfully loaded extension "markdown.extensions.nl2br.Nl2BrExtension".
2025-07-04 16:23:31,907:::DEBUG:::registerExtensions:::Successfully loaded extension "markdown.extensions.sane_lists.SaneListExtension".
2025-07-04 18:08:14,114:::DEBUG:::registerExtensions:::Successfully loaded extension "markdown.extensions.fenced_code.FencedCodeExtension".
2025-07-04 18:08:14,114:::DEBUG:::registerExtensions:::Successfully loaded extension "markdown.extensions.footnotes.FootnoteExtension".
2025-07-04 18:08:14,114:::DEBUG:::registerExtensions:::Successfully loaded extension "markdown.extensions.md_in_html.MarkdownInHtmlExtension".
2025-07-04 18:08:14,115:::DEBUG:::registerExtensions:::Successfully loaded extension "markdown.extensions.tables.TableExtension".
2025-07-04 18:08:14,115:::DEBUG:::registerExtensions:::Successfully loaded extension "markdown.extensions.nl2br.Nl2BrExtension".
2025-07-04 18:08:14,115:::DEBUG:::registerExtensions:::Successfully loaded extension "markdown.extensions.sane_lists.SaneListExtension".
2025-07-04 18:10:16,870:::DEBUG:::registerExtensions:::Successfully loaded extension "markdown.extensions.fenced_code.FencedCodeExtension".
2025-07-04 18:10:16,871:::DEBUG:::registerExtensions:::Successfully loaded extension "markdown.extensions.footnotes.FootnoteExtension".
2025-07-04 18:10:16,871:::DEBUG:::registerExtensions:::Successfully loaded extension "markdown.extensions.md_in_html.MarkdownInHtmlExtension".
2025-07-04 18:10:16,871:::DEBUG:::registerExtensions:::Successfully loaded extension "markdown.extensions.tables.TableExtension".
2025-07-04 18:10:16,871:::DEBUG:::registerExtensions:::Successfully loaded extension "markdown.extensions.nl2br.Nl2BrExtension".
2025-07-04 18:10:16,871:::DEBUG:::registerExtensions:::Successfully loaded extension "markdown.extensions.sane_lists.SaneListExtension".
2025-07-04 18:10:45,823:::DEBUG:::registerExtensions:::Successfully loaded extension "markdown.extensions.fenced_code.FencedCodeExtension".
2025-07-04 18:10:45,824:::DEBUG:::registerExtensions:::Successfully loaded extension "markdown.extensions.footnotes.FootnoteExtension".
2025-07-04 18:10:45,824:::DEBUG:::registerExtensions:::Successfully loaded extension "markdown.extensions.md_in_html.MarkdownInHtmlExtension".
2025-07-04 18:10:45,824:::DEBUG:::registerExtensions:::Successfully loaded extension "markdown.extensions.tables.TableExtension".
2025-07-04 18:10:45,824:::DEBUG:::registerExtensions:::Successfully loaded extension "markdown.extensions.nl2br.Nl2BrExtension".
2025-07-04 18:10:45,825:::DEBUG:::registerExtensions:::Successfully loaded extension "markdown.extensions.sane_lists.SaneListExtension".
2025-07-04 18:11:36,194:::DEBUG:::registerExtensions:::Successfully loaded extension "markdown.extensions.fenced_code.FencedCodeExtension".
2025-07-04 18:11:36,195:::DEBUG:::registerExtensions:::Successfully loaded extension "markdown.extensions.footnotes.FootnoteExtension".
2025-07-04 18:11:36,195:::DEBUG:::registerExtensions:::Successfully loaded extension "markdown.extensions.md_in_html.MarkdownInHtmlExtension".
2025-07-04 18:11:36,195:::DEBUG:::registerExtensions:::Successfully loaded extension "markdown.extensions.tables.TableExtension".
2025-07-04 18:11:36,196:::DEBUG:::registerExtensions:::Successfully loaded extension "markdown.extensions.nl2br.Nl2BrExtension".
2025-07-04 18:11:36,196:::DEBUG:::registerExtensions:::Successfully loaded extension "markdown.extensions.sane_lists.SaneListExtension".
2025-07-04 18:12:45,686:::DEBUG:::registerExtensions:::Successfully loaded extension "markdown.extensions.fenced_code.FencedCodeExtension".
2025-07-04 18:12:45,687:::DEBUG:::registerExtensions:::Successfully loaded extension "markdown.extensions.footnotes.FootnoteExtension".
2025-07-04 18:12:45,687:::DEBUG:::registerExtensions:::Successfully loaded extension "markdown.extensions.md_in_html.MarkdownInHtmlExtension".
2025-07-04 18:12:45,687:::DEBUG:::registerExtensions:::Successfully loaded extension "markdown.extensions.tables.TableExtension".
2025-07-04 18:12:45,687:::DEBUG:::registerExtensions:::Successfully loaded extension "markdown.extensions.nl2br.Nl2BrExtension".
2025-07-04 18:12:45,688:::DEBUG:::registerExtensions:::Successfully loaded extension "markdown.extensions.sane_lists.SaneListExtension".
2025-07-04 18:21:10,367:::DEBUG:::registerExtensions:::Successfully loaded extension "markdown.extensions.fenced_code.FencedCodeExtension".
2025-07-04 18:21:10,368:::DEBUG:::registerExtensions:::Successfully loaded extension "markdown.extensions.footnotes.FootnoteExtension".
2025-07-04 18:21:10,368:::DEBUG:::registerExtensions:::Successfully loaded extension "markdown.extensions.md_in_html.MarkdownInHtmlExtension".
2025-07-04 18:21:10,368:::DEBUG:::registerExtensions:::Successfully loaded extension "markdown.extensions.tables.TableExtension".
2025-07-04 18:21:10,368:::DEBUG:::registerExtensions:::Successfully loaded extension "markdown.extensions.nl2br.Nl2BrExtension".
2025-07-04 18:21:10,369:::DEBUG:::registerExtensions:::Successfully loaded extension "markdown.extensions.sane_lists.SaneListExtension".
